{"C:\\Users\\Mateo\\OneDrive\\Desktop\\servidor\\index.js": {"path":"C:\\Users\\Mateo\\OneDrive\\Desktop\\servidor\\index.js","statementMap":{"0":{"start":{"line":1,"column":16},"end":{"line":1,"column":34}},"1":{"start":{"line":2,"column":25},"end":{"line":2,"column":57}},"2":{"start":{"line":3,"column":13},"end":{"line":3,"column":28}},"3":{"start":{"line":4,"column":15},"end":{"line":4,"column":32}},"4":{"start":{"line":5,"column":0},"end":{"line":5,"column":27}},"5":{"start":{"line":7,"column":12},"end":{"line":7,"column":21}},"6":{"start":{"line":8,"column":0},"end":{"line":8,"column":16}},"7":{"start":{"line":9,"column":0},"end":{"line":9,"column":24}},"8":{"start":{"line":12,"column":15},"end":{"line":12,"column":85}},"9":{"start":{"line":13,"column":15},"end":{"line":13,"column":39}},"10":{"start":{"line":14,"column":17},"end":{"line":14,"column":45}},"11":{"start":{"line":16,"column":20},"end":{"line":16,"column":22}},"12":{"start":{"line":19,"column":28},"end":{"line":19,"column":69}},"13":{"start":{"line":26,"column":0},"end":{"line":28,"column":3}},"14":{"start":{"line":27,"column":4},"end":{"line":27,"column":71}},"15":{"start":{"line":31,"column":0},"end":{"line":35,"column":3}},"16":{"start":{"line":32,"column":28},"end":{"line":32,"column":75}},"17":{"start":{"line":33,"column":4},"end":{"line":33,"column":50}},"18":{"start":{"line":33,"column":15},"end":{"line":33,"column":50}},"19":{"start":{"line":34,"column":4},"end":{"line":34,"column":19}},"20":{"start":{"line":38,"column":0},"end":{"line":56,"column":3}},"21":{"start":{"line":39,"column":22},"end":{"line":39,"column":32}},"22":{"start":{"line":41,"column":4},"end":{"line":43,"column":5}},"23":{"start":{"line":42,"column":8},"end":{"line":42,"column":91}},"24":{"start":{"line":45,"column":4},"end":{"line":55,"column":5}},"25":{"start":{"line":46,"column":32},"end":{"line":49,"column":58}},"26":{"start":{"line":51,"column":8},"end":{"line":51,"column":73}},"27":{"start":{"line":51,"column":19},"end":{"line":51,"column":73}},"28":{"start":{"line":52,"column":8},"end":{"line":52,"column":29}},"29":{"start":{"line":54,"column":8},"end":{"line":54,"column":82}},"30":{"start":{"line":59,"column":0},"end":{"line":101,"column":3}},"31":{"start":{"line":60,"column":22},"end":{"line":60,"column":32}},"32":{"start":{"line":62,"column":4},"end":{"line":64,"column":5}},"33":{"start":{"line":63,"column":8},"end":{"line":63,"column":91}},"34":{"start":{"line":66,"column":4},"end":{"line":100,"column":5}},"35":{"start":{"line":67,"column":57},"end":{"line":70,"column":58}},"36":{"start":{"line":72,"column":8},"end":{"line":72,"column":75}},"37":{"start":{"line":72,"column":20},"end":{"line":72,"column":75}},"38":{"start":{"line":73,"column":8},"end":{"line":75,"column":9}},"39":{"start":{"line":74,"column":12},"end":{"line":74,"column":32}},"40":{"start":{"line":77,"column":25},"end":{"line":77,"column":55}},"41":{"start":{"line":77,"column":50},"end":{"line":77,"column":54}},"42":{"start":{"line":79,"column":50},"end":{"line":83,"column":54}},"43":{"start":{"line":85,"column":8},"end":{"line":85,"column":75}},"44":{"start":{"line":85,"column":20},"end":{"line":85,"column":75}},"45":{"start":{"line":87,"column":34},"end":{"line":95,"column":10}},"46":{"start":{"line":88,"column":32},"end":{"line":88,"column":84}},"47":{"start":{"line":88,"column":58},"end":{"line":88,"column":83}},"48":{"start":{"line":89,"column":12},"end":{"line":94,"column":14}},"49":{"start":{"line":97,"column":8},"end":{"line":97,"column":36}},"50":{"start":{"line":99,"column":8},"end":{"line":99,"column":97}},"51":{"start":{"line":104,"column":0},"end":{"line":117,"column":3}},"52":{"start":{"line":105,"column":22},"end":{"line":105,"column":32}},"53":{"start":{"line":106,"column":28},"end":{"line":113,"column":22}},"54":{"start":{"line":115,"column":4},"end":{"line":115,"column":50}},"55":{"start":{"line":115,"column":15},"end":{"line":115,"column":50}},"56":{"start":{"line":116,"column":4},"end":{"line":116,"column":19}},"57":{"start":{"line":120,"column":0},"end":{"line":150,"column":3}},"58":{"start":{"line":121,"column":4},"end":{"line":149,"column":5}},"59":{"start":{"line":122,"column":52},"end":{"line":125,"column":54}},"60":{"start":{"line":127,"column":8},"end":{"line":127,"column":37}},"61":{"start":{"line":127,"column":22},"end":{"line":127,"column":37}},"62":{"start":{"line":129,"column":54},"end":{"line":131,"column":33}},"63":{"start":{"line":133,"column":8},"end":{"line":133,"column":33}},"64":{"start":{"line":133,"column":20},"end":{"line":133,"column":33}},"65":{"start":{"line":135,"column":35},"end":{"line":143,"column":10}},"66":{"start":{"line":136,"column":40},"end":{"line":136,"column":95}},"67":{"start":{"line":136,"column":63},"end":{"line":136,"column":94}},"68":{"start":{"line":137,"column":12},"end":{"line":142,"column":14}},"69":{"start":{"line":145,"column":8},"end":{"line":145,"column":37}},"70":{"start":{"line":147,"column":8},"end":{"line":147,"column":74}},"71":{"start":{"line":148,"column":8},"end":{"line":148,"column":51}},"72":{"start":{"line":153,"column":0},"end":{"line":185,"column":3}},"73":{"start":{"line":154,"column":22},"end":{"line":154,"column":32}},"74":{"start":{"line":155,"column":4},"end":{"line":184,"column":5}},"75":{"start":{"line":156,"column":52},"end":{"line":160,"column":54}},"76":{"start":{"line":162,"column":8},"end":{"line":162,"column":37}},"77":{"start":{"line":162,"column":22},"end":{"line":162,"column":37}},"78":{"start":{"line":164,"column":54},"end":{"line":166,"column":33}},"79":{"start":{"line":168,"column":8},"end":{"line":168,"column":33}},"80":{"start":{"line":168,"column":20},"end":{"line":168,"column":33}},"81":{"start":{"line":170,"column":33},"end":{"line":178,"column":10}},"82":{"start":{"line":171,"column":40},"end":{"line":171,"column":95}},"83":{"start":{"line":171,"column":63},"end":{"line":171,"column":94}},"84":{"start":{"line":172,"column":12},"end":{"line":177,"column":14}},"85":{"start":{"line":180,"column":8},"end":{"line":180,"column":35}},"86":{"start":{"line":182,"column":8},"end":{"line":182,"column":78}},"87":{"start":{"line":183,"column":8},"end":{"line":183,"column":51}},"88":{"start":{"line":188,"column":0},"end":{"line":210,"column":3}},"89":{"start":{"line":189,"column":31},"end":{"line":189,"column":41}},"90":{"start":{"line":190,"column":4},"end":{"line":209,"column":5}},"91":{"start":{"line":191,"column":43},"end":{"line":191,"column":155}},"92":{"start":{"line":192,"column":8},"end":{"line":192,"column":94}},"93":{"start":{"line":192,"column":26},"end":{"line":192,"column":94}},"94":{"start":{"line":194,"column":50},"end":{"line":194,"column":166}},"95":{"start":{"line":195,"column":8},"end":{"line":195,"column":33}},"96":{"start":{"line":195,"column":20},"end":{"line":195,"column":33}},"97":{"start":{"line":197,"column":32},"end":{"line":197,"column":93}},"98":{"start":{"line":197,"column":62},"end":{"line":197,"column":89}},"99":{"start":{"line":198,"column":31},"end":{"line":198,"column":68}},"100":{"start":{"line":199,"column":36},"end":{"line":199,"column":114}},"101":{"start":{"line":201,"column":8},"end":{"line":206,"column":11}},"102":{"start":{"line":208,"column":8},"end":{"line":208,"column":51}},"103":{"start":{"line":218,"column":0},"end":{"line":241,"column":3}},"104":{"start":{"line":219,"column":32},"end":{"line":219,"column":40}},"105":{"start":{"line":221,"column":4},"end":{"line":223,"column":5}},"106":{"start":{"line":222,"column":8},"end":{"line":222,"column":94}},"107":{"start":{"line":225,"column":25},"end":{"line":225,"column":51}},"108":{"start":{"line":227,"column":37},"end":{"line":231,"column":22}},"109":{"start":{"line":233,"column":4},"end":{"line":233,"column":69}},"110":{"start":{"line":233,"column":15},"end":{"line":233,"column":69}},"111":{"start":{"line":234,"column":4},"end":{"line":234,"column":92}},"112":{"start":{"line":234,"column":18},"end":{"line":234,"column":92}},"113":{"start":{"line":236,"column":29},"end":{"line":236,"column":77}},"114":{"start":{"line":237,"column":4},"end":{"line":237,"column":101}},"115":{"start":{"line":237,"column":27},"end":{"line":237,"column":101}},"116":{"start":{"line":239,"column":46},"end":{"line":239,"column":53}},"117":{"start":{"line":240,"column":4},"end":{"line":240,"column":28}},"118":{"start":{"line":244,"column":0},"end":{"line":284,"column":3}},"119":{"start":{"line":245,"column":59},"end":{"line":245,"column":67}},"120":{"start":{"line":247,"column":4},"end":{"line":249,"column":5}},"121":{"start":{"line":248,"column":8},"end":{"line":248,"column":116}},"122":{"start":{"line":252,"column":4},"end":{"line":259,"column":5}},"123":{"start":{"line":253,"column":8},"end":{"line":255,"column":9}},"124":{"start":{"line":254,"column":12},"end":{"line":254,"column":116}},"125":{"start":{"line":256,"column":8},"end":{"line":258,"column":9}},"126":{"start":{"line":257,"column":12},"end":{"line":257,"column":117}},"127":{"start":{"line":261,"column":4},"end":{"line":283,"column":5}},"128":{"start":{"line":262,"column":31},"end":{"line":262,"column":71}},"129":{"start":{"line":264,"column":32},"end":{"line":272,"column":21}},"130":{"start":{"line":274,"column":8},"end":{"line":279,"column":9}},"131":{"start":{"line":275,"column":12},"end":{"line":277,"column":13}},"132":{"start":{"line":276,"column":16},"end":{"line":276,"column":110}},"133":{"start":{"line":278,"column":12},"end":{"line":278,"column":66}},"134":{"start":{"line":280,"column":8},"end":{"line":280,"column":35}},"135":{"start":{"line":282,"column":8},"end":{"line":282,"column":88}},"136":{"start":{"line":287,"column":0},"end":{"line":321,"column":3}},"137":{"start":{"line":291,"column":8},"end":{"line":291,"column":16}},"138":{"start":{"line":293,"column":4},"end":{"line":295,"column":5}},"139":{"start":{"line":294,"column":8},"end":{"line":294,"column":113}},"140":{"start":{"line":297,"column":4},"end":{"line":320,"column":5}},"141":{"start":{"line":298,"column":32},"end":{"line":314,"column":21}},"142":{"start":{"line":316,"column":8},"end":{"line":316,"column":73}},"143":{"start":{"line":316,"column":19},"end":{"line":316,"column":73}},"144":{"start":{"line":317,"column":8},"end":{"line":317,"column":35}},"145":{"start":{"line":319,"column":8},"end":{"line":319,"column":79}},"146":{"start":{"line":324,"column":0},"end":{"line":384,"column":3}},"147":{"start":{"line":325,"column":87},"end":{"line":325,"column":95}},"148":{"start":{"line":326,"column":22},"end":{"line":326,"column":50}},"149":{"start":{"line":328,"column":4},"end":{"line":383,"column":5}},"150":{"start":{"line":329,"column":43},"end":{"line":329,"column":112}},"151":{"start":{"line":331,"column":8},"end":{"line":333,"column":9}},"152":{"start":{"line":332,"column":12},"end":{"line":332,"column":80}},"153":{"start":{"line":335,"column":8},"end":{"line":341,"column":9}},"154":{"start":{"line":336,"column":12},"end":{"line":340,"column":13}},"155":{"start":{"line":337,"column":16},"end":{"line":339,"column":19}},"156":{"start":{"line":343,"column":8},"end":{"line":345,"column":9}},"157":{"start":{"line":344,"column":12},"end":{"line":344,"column":74}},"158":{"start":{"line":347,"column":31},"end":{"line":347,"column":108}},"159":{"start":{"line":349,"column":51},"end":{"line":359,"column":20}},"160":{"start":{"line":361,"column":8},"end":{"line":361,"column":79}},"161":{"start":{"line":361,"column":22},"end":{"line":361,"column":79}},"162":{"start":{"line":363,"column":8},"end":{"line":365,"column":26}},"163":{"start":{"line":367,"column":8},"end":{"line":377,"column":22}},"164":{"start":{"line":368,"column":44},"end":{"line":368,"column":125}},"165":{"start":{"line":369,"column":12},"end":{"line":376,"column":13}},"166":{"start":{"line":370,"column":41},"end":{"line":370,"column":126}},"167":{"start":{"line":371,"column":16},"end":{"line":375,"column":17}},"168":{"start":{"line":372,"column":20},"end":{"line":372,"column":136}},"169":{"start":{"line":373,"column":20},"end":{"line":373,"column":109}},"170":{"start":{"line":374,"column":20},"end":{"line":374,"column":96}},"171":{"start":{"line":379,"column":8},"end":{"line":379,"column":51}},"172":{"start":{"line":382,"column":8},"end":{"line":382,"column":70}},"173":{"start":{"line":387,"column":0},"end":{"line":423,"column":3}},"174":{"start":{"line":388,"column":19},"end":{"line":388,"column":29}},"175":{"start":{"line":390,"column":4},"end":{"line":422,"column":5}},"176":{"start":{"line":391,"column":49},"end":{"line":395,"column":21}},"177":{"start":{"line":397,"column":8},"end":{"line":397,"column":96}},"178":{"start":{"line":397,"column":32},"end":{"line":397,"column":96}},"179":{"start":{"line":399,"column":8},"end":{"line":402,"column":9}},"180":{"start":{"line":400,"column":12},"end":{"line":400,"column":89}},"181":{"start":{"line":401,"column":12},"end":{"line":401,"column":47}},"182":{"start":{"line":404,"column":8},"end":{"line":404,"column":85}},"183":{"start":{"line":406,"column":28},"end":{"line":410,"column":21}},"184":{"start":{"line":412,"column":8},"end":{"line":416,"column":9}},"185":{"start":{"line":413,"column":12},"end":{"line":415,"column":50}},"186":{"start":{"line":418,"column":8},"end":{"line":418,"column":85}},"187":{"start":{"line":421,"column":8},"end":{"line":421,"column":51}},"188":{"start":{"line":426,"column":0},"end":{"line":462,"column":3}},"189":{"start":{"line":427,"column":19},"end":{"line":427,"column":29}},"190":{"start":{"line":428,"column":4},"end":{"line":461,"column":5}},"191":{"start":{"line":429,"column":49},"end":{"line":433,"column":21}},"192":{"start":{"line":435,"column":8},"end":{"line":435,"column":97}},"193":{"start":{"line":435,"column":32},"end":{"line":435,"column":97}},"194":{"start":{"line":436,"column":8},"end":{"line":436,"column":125}},"195":{"start":{"line":436,"column":41},"end":{"line":436,"column":125}},"196":{"start":{"line":438,"column":31},"end":{"line":438,"column":64}},"197":{"start":{"line":439,"column":29},"end":{"line":439,"column":50}},"198":{"start":{"line":440,"column":23},"end":{"line":440,"column":46}},"199":{"start":{"line":442,"column":27},"end":{"line":442,"column":62}},"200":{"start":{"line":443,"column":31},"end":{"line":443,"column":79}},"201":{"start":{"line":445,"column":28},"end":{"line":445,"column":56}},"202":{"start":{"line":446,"column":27},"end":{"line":446,"column":62}},"203":{"start":{"line":448,"column":49},"end":{"line":455,"column":21}},"204":{"start":{"line":457,"column":8},"end":{"line":457,"column":33}},"205":{"start":{"line":457,"column":20},"end":{"line":457,"column":33}},"206":{"start":{"line":458,"column":8},"end":{"line":458,"column":51}},"207":{"start":{"line":460,"column":8},"end":{"line":460,"column":51}},"208":{"start":{"line":465,"column":0},"end":{"line":474,"column":3}},"209":{"start":{"line":466,"column":29},"end":{"line":466,"column":37}},"210":{"start":{"line":467,"column":24},"end":{"line":467,"column":109}},"211":{"start":{"line":468,"column":4},"end":{"line":473,"column":5}},"212":{"start":{"line":469,"column":8},"end":{"line":469,"column":119}},"213":{"start":{"line":470,"column":8},"end":{"line":470,"column":36}},"214":{"start":{"line":472,"column":8},"end":{"line":472,"column":57}},"215":{"start":{"line":482,"column":0},"end":{"line":531,"column":3}},"216":{"start":{"line":483,"column":25},"end":{"line":483,"column":62}},"217":{"start":{"line":484,"column":33},"end":{"line":484,"column":41}},"218":{"start":{"line":486,"column":4},"end":{"line":530,"column":5}},"219":{"start":{"line":487,"column":25},"end":{"line":487,"column":27}},"220":{"start":{"line":489,"column":8},"end":{"line":491,"column":9}},"221":{"start":{"line":490,"column":12},"end":{"line":490,"column":46}},"222":{"start":{"line":493,"column":8},"end":{"line":495,"column":9}},"223":{"start":{"line":494,"column":12},"end":{"line":494,"column":75}},"224":{"start":{"line":497,"column":8},"end":{"line":502,"column":9}},"225":{"start":{"line":498,"column":12},"end":{"line":501,"column":15}},"226":{"start":{"line":504,"column":45},"end":{"line":508,"column":21}},"227":{"start":{"line":510,"column":8},"end":{"line":512,"column":9}},"228":{"start":{"line":511,"column":12},"end":{"line":511,"column":88}},"229":{"start":{"line":514,"column":8},"end":{"line":521,"column":9}},"230":{"start":{"line":515,"column":59},"end":{"line":515,"column":66}},"231":{"start":{"line":516,"column":12},"end":{"line":520,"column":15}},"232":{"start":{"line":523,"column":8},"end":{"line":526,"column":11}},"233":{"start":{"line":529,"column":8},"end":{"line":529,"column":87}},"234":{"start":{"line":534,"column":0},"end":{"line":553,"column":3}},"235":{"start":{"line":535,"column":19},"end":{"line":535,"column":29}},"236":{"start":{"line":536,"column":45},"end":{"line":536,"column":53}},"237":{"start":{"line":538,"column":4},"end":{"line":552,"column":5}},"238":{"start":{"line":539,"column":39},"end":{"line":546,"column":21}},"239":{"start":{"line":548,"column":8},"end":{"line":548,"column":31}},"240":{"start":{"line":548,"column":19},"end":{"line":548,"column":31}},"241":{"start":{"line":549,"column":8},"end":{"line":549,"column":42}},"242":{"start":{"line":551,"column":8},"end":{"line":551,"column":51}},"243":{"start":{"line":556,"column":0},"end":{"line":569,"column":3}},"244":{"start":{"line":557,"column":19},"end":{"line":557,"column":29}},"245":{"start":{"line":558,"column":33},"end":{"line":558,"column":41}},"246":{"start":{"line":560,"column":22},"end":{"line":563,"column":21}},"247":{"start":{"line":565,"column":4},"end":{"line":567,"column":5}},"248":{"start":{"line":566,"column":8},"end":{"line":566,"column":82}},"249":{"start":{"line":568,"column":4},"end":{"line":568,"column":73}},"250":{"start":{"line":577,"column":0},"end":{"line":582,"column":3}},"251":{"start":{"line":578,"column":22},"end":{"line":578,"column":32}},"252":{"start":{"line":579,"column":22},"end":{"line":579,"column":102}},"253":{"start":{"line":580,"column":4},"end":{"line":580,"column":85}},"254":{"start":{"line":580,"column":15},"end":{"line":580,"column":85}},"255":{"start":{"line":581,"column":4},"end":{"line":581,"column":32}},"256":{"start":{"line":585,"column":0},"end":{"line":590,"column":3}},"257":{"start":{"line":586,"column":19},"end":{"line":586,"column":29}},"258":{"start":{"line":587,"column":22},"end":{"line":587,"column":79}},"259":{"start":{"line":588,"column":4},"end":{"line":588,"column":50}},"260":{"start":{"line":588,"column":15},"end":{"line":588,"column":50}},"261":{"start":{"line":589,"column":4},"end":{"line":589,"column":32}},"262":{"start":{"line":593,"column":0},"end":{"line":612,"column":3}},"263":{"start":{"line":594,"column":19},"end":{"line":594,"column":29}},"264":{"start":{"line":595,"column":4},"end":{"line":611,"column":5}},"265":{"start":{"line":596,"column":34},"end":{"line":596,"column":99}},"266":{"start":{"line":598,"column":8},"end":{"line":603,"column":9}},"267":{"start":{"line":599,"column":32},"end":{"line":599,"column":137}},"268":{"start":{"line":600,"column":12},"end":{"line":602,"column":13}},"269":{"start":{"line":601,"column":16},"end":{"line":601,"column":162}},"270":{"start":{"line":605,"column":26},"end":{"line":605,"column":79}},"271":{"start":{"line":606,"column":8},"end":{"line":606,"column":73}},"272":{"start":{"line":606,"column":19},"end":{"line":606,"column":73}},"273":{"start":{"line":608,"column":8},"end":{"line":608,"column":99}},"274":{"start":{"line":610,"column":8},"end":{"line":610,"column":51}},"275":{"start":{"line":615,"column":13},"end":{"line":615,"column":37}},"276":{"start":{"line":617,"column":0},"end":{"line":620,"column":3}},"277":{"start":{"line":618,"column":4},"end":{"line":618,"column":67}},"278":{"start":{"line":619,"column":4},"end":{"line":619,"column":75}},"279":{"start":{"line":622,"column":0},"end":{"line":622,"column":21}}},"fnMap":{"0":{"name":"(anonymous_0)","decl":{"start":{"line":26,"column":13},"end":{"line":26,"column":14}},"loc":{"start":{"line":26,"column":27},"end":{"line":28,"column":1}},"line":26},"1":{"name":"(anonymous_1)","decl":{"start":{"line":31,"column":25},"end":{"line":31,"column":26}},"loc":{"start":{"line":31,"column":45},"end":{"line":35,"column":1}},"line":31},"2":{"name":"(anonymous_2)","decl":{"start":{"line":38,"column":36},"end":{"line":38,"column":37}},"loc":{"start":{"line":38,"column":56},"end":{"line":56,"column":1}},"line":38},"3":{"name":"(anonymous_3)","decl":{"start":{"line":59,"column":32},"end":{"line":59,"column":33}},"loc":{"start":{"line":59,"column":52},"end":{"line":101,"column":1}},"line":59},"4":{"name":"(anonymous_4)","decl":{"start":{"line":77,"column":45},"end":{"line":77,"column":46}},"loc":{"start":{"line":77,"column":50},"end":{"line":77,"column":54}},"line":77},"5":{"name":"(anonymous_5)","decl":{"start":{"line":87,"column":47},"end":{"line":87,"column":48}},"loc":{"start":{"line":87,"column":52},"end":{"line":95,"column":9}},"line":87},"6":{"name":"(anonymous_6)","decl":{"start":{"line":88,"column":53},"end":{"line":88,"column":54}},"loc":{"start":{"line":88,"column":58},"end":{"line":88,"column":83}},"line":88},"7":{"name":"(anonymous_7)","decl":{"start":{"line":104,"column":34},"end":{"line":104,"column":35}},"loc":{"start":{"line":104,"column":54},"end":{"line":117,"column":1}},"line":104},"8":{"name":"(anonymous_8)","decl":{"start":{"line":120,"column":31},"end":{"line":120,"column":32}},"loc":{"start":{"line":120,"column":51},"end":{"line":150,"column":1}},"line":120},"9":{"name":"(anonymous_9)","decl":{"start":{"line":135,"column":48},"end":{"line":135,"column":49}},"loc":{"start":{"line":135,"column":59},"end":{"line":143,"column":9}},"line":135},"10":{"name":"(anonymous_10)","decl":{"start":{"line":136,"column":58},"end":{"line":136,"column":59}},"loc":{"start":{"line":136,"column":63},"end":{"line":136,"column":94}},"line":136},"11":{"name":"(anonymous_11)","decl":{"start":{"line":153,"column":46},"end":{"line":153,"column":47}},"loc":{"start":{"line":153,"column":66},"end":{"line":185,"column":1}},"line":153},"12":{"name":"(anonymous_12)","decl":{"start":{"line":170,"column":46},"end":{"line":170,"column":47}},"loc":{"start":{"line":170,"column":57},"end":{"line":178,"column":9}},"line":170},"13":{"name":"(anonymous_13)","decl":{"start":{"line":171,"column":58},"end":{"line":171,"column":59}},"loc":{"start":{"line":171,"column":63},"end":{"line":171,"column":94}},"line":171},"14":{"name":"(anonymous_14)","decl":{"start":{"line":188,"column":43},"end":{"line":188,"column":44}},"loc":{"start":{"line":188,"column":63},"end":{"line":210,"column":1}},"line":188},"15":{"name":"(anonymous_15)","decl":{"start":{"line":197,"column":48},"end":{"line":197,"column":49}},"loc":{"start":{"line":197,"column":62},"end":{"line":197,"column":89}},"line":197},"16":{"name":"(anonymous_16)","decl":{"start":{"line":218,"column":19},"end":{"line":218,"column":20}},"loc":{"start":{"line":218,"column":39},"end":{"line":241,"column":1}},"line":218},"17":{"name":"(anonymous_17)","decl":{"start":{"line":244,"column":22},"end":{"line":244,"column":23}},"loc":{"start":{"line":244,"column":42},"end":{"line":284,"column":1}},"line":244},"18":{"name":"(anonymous_18)","decl":{"start":{"line":287,"column":26},"end":{"line":287,"column":27}},"loc":{"start":{"line":287,"column":46},"end":{"line":321,"column":1}},"line":287},"19":{"name":"(anonymous_19)","decl":{"start":{"line":324,"column":27},"end":{"line":324,"column":28}},"loc":{"start":{"line":324,"column":47},"end":{"line":384,"column":1}},"line":324},"20":{"name":"(anonymous_20)","decl":{"start":{"line":367,"column":19},"end":{"line":367,"column":20}},"loc":{"start":{"line":367,"column":31},"end":{"line":377,"column":9}},"line":367},"21":{"name":"(anonymous_21)","decl":{"start":{"line":387,"column":34},"end":{"line":387,"column":35}},"loc":{"start":{"line":387,"column":54},"end":{"line":423,"column":1}},"line":387},"22":{"name":"(anonymous_22)","decl":{"start":{"line":426,"column":34},"end":{"line":426,"column":35}},"loc":{"start":{"line":426,"column":54},"end":{"line":462,"column":1}},"line":426},"23":{"name":"(anonymous_23)","decl":{"start":{"line":465,"column":26},"end":{"line":465,"column":27}},"loc":{"start":{"line":465,"column":46},"end":{"line":474,"column":1}},"line":465},"24":{"name":"(anonymous_24)","decl":{"start":{"line":482,"column":28},"end":{"line":482,"column":29}},"loc":{"start":{"line":482,"column":48},"end":{"line":531,"column":1}},"line":482},"25":{"name":"(anonymous_25)","decl":{"start":{"line":534,"column":34},"end":{"line":534,"column":35}},"loc":{"start":{"line":534,"column":54},"end":{"line":553,"column":1}},"line":534},"26":{"name":"(anonymous_26)","decl":{"start":{"line":556,"column":36},"end":{"line":556,"column":37}},"loc":{"start":{"line":556,"column":56},"end":{"line":569,"column":1}},"line":556},"27":{"name":"(anonymous_27)","decl":{"start":{"line":577,"column":31},"end":{"line":577,"column":32}},"loc":{"start":{"line":577,"column":51},"end":{"line":582,"column":1}},"line":577},"28":{"name":"(anonymous_28)","decl":{"start":{"line":585,"column":32},"end":{"line":585,"column":33}},"loc":{"start":{"line":585,"column":52},"end":{"line":590,"column":1}},"line":585},"29":{"name":"(anonymous_29)","decl":{"start":{"line":593,"column":34},"end":{"line":593,"column":35}},"loc":{"start":{"line":593,"column":54},"end":{"line":612,"column":1}},"line":593},"30":{"name":"(anonymous_30)","decl":{"start":{"line":617,"column":28},"end":{"line":617,"column":29}},"loc":{"start":{"line":617,"column":34},"end":{"line":620,"column":1}},"line":617}},"branchMap":{"0":{"loc":{"start":{"line":12,"column":15},"end":{"line":12,"column":85}},"type":"binary-expr","locations":[{"start":{"line":12,"column":15},"end":{"line":12,"column":39}},{"start":{"line":12,"column":43},"end":{"line":12,"column":85}}],"line":12},"1":{"loc":{"start":{"line":19,"column":28},"end":{"line":19,"column":69}},"type":"binary-expr","locations":[{"start":{"line":19,"column":28},"end":{"line":19,"column":52}},{"start":{"line":19,"column":56},"end":{"line":19,"column":69}}],"line":19},"2":{"loc":{"start":{"line":33,"column":4},"end":{"line":33,"column":50}},"type":"if","locations":[{"start":{"line":33,"column":4},"end":{"line":33,"column":50}},{"start":{},"end":{}}],"line":33},"3":{"loc":{"start":{"line":41,"column":4},"end":{"line":43,"column":5}},"type":"if","locations":[{"start":{"line":41,"column":4},"end":{"line":43,"column":5}},{"start":{},"end":{}}],"line":41},"4":{"loc":{"start":{"line":41,"column":8},"end":{"line":41,"column":39}},"type":"binary-expr","locations":[{"start":{"line":41,"column":8},"end":{"line":41,"column":14}},{"start":{"line":41,"column":18},"end":{"line":41,"column":39}}],"line":41},"5":{"loc":{"start":{"line":51,"column":8},"end":{"line":51,"column":73}},"type":"if","locations":[{"start":{"line":51,"column":8},"end":{"line":51,"column":73}},{"start":{},"end":{}}],"line":51},"6":{"loc":{"start":{"line":52,"column":17},"end":{"line":52,"column":27}},"type":"binary-expr","locations":[{"start":{"line":52,"column":17},"end":{"line":52,"column":21}},{"start":{"line":52,"column":25},"end":{"line":52,"column":27}}],"line":52},"7":{"loc":{"start":{"line":62,"column":4},"end":{"line":64,"column":5}},"type":"if","locations":[{"start":{"line":62,"column":4},"end":{"line":64,"column":5}},{"start":{},"end":{}}],"line":62},"8":{"loc":{"start":{"line":62,"column":8},"end":{"line":62,"column":39}},"type":"binary-expr","locations":[{"start":{"line":62,"column":8},"end":{"line":62,"column":14}},{"start":{"line":62,"column":18},"end":{"line":62,"column":39}}],"line":62},"9":{"loc":{"start":{"line":72,"column":8},"end":{"line":72,"column":75}},"type":"if","locations":[{"start":{"line":72,"column":8},"end":{"line":72,"column":75}},{"start":{},"end":{}}],"line":72},"10":{"loc":{"start":{"line":73,"column":8},"end":{"line":75,"column":9}},"type":"if","locations":[{"start":{"line":73,"column":8},"end":{"line":75,"column":9}},{"start":{},"end":{}}],"line":73},"11":{"loc":{"start":{"line":73,"column":12},"end":{"line":73,"column":60}},"type":"binary-expr","locations":[{"start":{"line":73,"column":12},"end":{"line":73,"column":28}},{"start":{"line":73,"column":32},"end":{"line":73,"column":60}}],"line":73},"12":{"loc":{"start":{"line":85,"column":8},"end":{"line":85,"column":75}},"type":"if","locations":[{"start":{"line":85,"column":8},"end":{"line":85,"column":75}},{"start":{},"end":{}}],"line":85},"13":{"loc":{"start":{"line":92,"column":28},"end":{"line":92,"column":86}},"type":"cond-expr","locations":[{"start":{"line":92,"column":42},"end":{"line":92,"column":60}},{"start":{"line":92,"column":63},"end":{"line":92,"column":86}}],"line":92},"14":{"loc":{"start":{"line":115,"column":4},"end":{"line":115,"column":50}},"type":"if","locations":[{"start":{"line":115,"column":4},"end":{"line":115,"column":50}},{"start":{},"end":{}}],"line":115},"15":{"loc":{"start":{"line":127,"column":8},"end":{"line":127,"column":37}},"type":"if","locations":[{"start":{"line":127,"column":8},"end":{"line":127,"column":37}},{"start":{},"end":{}}],"line":127},"16":{"loc":{"start":{"line":133,"column":8},"end":{"line":133,"column":33}},"type":"if","locations":[{"start":{"line":133,"column":8},"end":{"line":133,"column":33}},{"start":{},"end":{}}],"line":133},"17":{"loc":{"start":{"line":140,"column":28},"end":{"line":140,"column":104}},"type":"cond-expr","locations":[{"start":{"line":140,"column":50},"end":{"line":140,"column":76}},{"start":{"line":140,"column":79},"end":{"line":140,"column":104}}],"line":140},"18":{"loc":{"start":{"line":162,"column":8},"end":{"line":162,"column":37}},"type":"if","locations":[{"start":{"line":162,"column":8},"end":{"line":162,"column":37}},{"start":{},"end":{}}],"line":162},"19":{"loc":{"start":{"line":168,"column":8},"end":{"line":168,"column":33}},"type":"if","locations":[{"start":{"line":168,"column":8},"end":{"line":168,"column":33}},{"start":{},"end":{}}],"line":168},"20":{"loc":{"start":{"line":175,"column":28},"end":{"line":175,"column":104}},"type":"cond-expr","locations":[{"start":{"line":175,"column":50},"end":{"line":175,"column":76}},{"start":{"line":175,"column":79},"end":{"line":175,"column":104}}],"line":175},"21":{"loc":{"start":{"line":192,"column":8},"end":{"line":192,"column":94}},"type":"if","locations":[{"start":{"line":192,"column":8},"end":{"line":192,"column":94}},{"start":{},"end":{}}],"line":192},"22":{"loc":{"start":{"line":192,"column":12},"end":{"line":192,"column":24}},"type":"binary-expr","locations":[{"start":{"line":192,"column":12},"end":{"line":192,"column":18}},{"start":{"line":192,"column":22},"end":{"line":192,"column":24}}],"line":192},"23":{"loc":{"start":{"line":195,"column":8},"end":{"line":195,"column":33}},"type":"if","locations":[{"start":{"line":195,"column":8},"end":{"line":195,"column":33}},{"start":{},"end":{}}],"line":195},"24":{"loc":{"start":{"line":197,"column":69},"end":{"line":197,"column":88}},"type":"binary-expr","locations":[{"start":{"line":197,"column":69},"end":{"line":197,"column":83}},{"start":{"line":197,"column":87},"end":{"line":197,"column":88}}],"line":197},"25":{"loc":{"start":{"line":199,"column":36},"end":{"line":199,"column":114}},"type":"cond-expr","locations":[{"start":{"line":199,"column":58},"end":{"line":199,"column":110}},{"start":{"line":199,"column":113},"end":{"line":199,"column":114}}],"line":199},"26":{"loc":{"start":{"line":221,"column":4},"end":{"line":223,"column":5}},"type":"if","locations":[{"start":{"line":221,"column":4},"end":{"line":223,"column":5}},{"start":{},"end":{}}],"line":221},"27":{"loc":{"start":{"line":221,"column":8},"end":{"line":221,"column":27}},"type":"binary-expr","locations":[{"start":{"line":221,"column":8},"end":{"line":221,"column":14}},{"start":{"line":221,"column":18},"end":{"line":221,"column":27}}],"line":221},"28":{"loc":{"start":{"line":233,"column":4},"end":{"line":233,"column":69}},"type":"if","locations":[{"start":{"line":233,"column":4},"end":{"line":233,"column":69}},{"start":{},"end":{}}],"line":233},"29":{"loc":{"start":{"line":234,"column":4},"end":{"line":234,"column":92}},"type":"if","locations":[{"start":{"line":234,"column":4},"end":{"line":234,"column":92}},{"start":{},"end":{}}],"line":234},"30":{"loc":{"start":{"line":237,"column":4},"end":{"line":237,"column":101}},"type":"if","locations":[{"start":{"line":237,"column":4},"end":{"line":237,"column":101}},{"start":{},"end":{}}],"line":237},"31":{"loc":{"start":{"line":247,"column":4},"end":{"line":249,"column":5}},"type":"if","locations":[{"start":{"line":247,"column":4},"end":{"line":249,"column":5}},{"start":{},"end":{}}],"line":247},"32":{"loc":{"start":{"line":247,"column":8},"end":{"line":247,"column":46}},"type":"binary-expr","locations":[{"start":{"line":247,"column":8},"end":{"line":247,"column":15}},{"start":{"line":247,"column":19},"end":{"line":247,"column":25}},{"start":{"line":247,"column":29},"end":{"line":247,"column":38}},{"start":{"line":247,"column":42},"end":{"line":247,"column":46}}],"line":247},"33":{"loc":{"start":{"line":252,"column":4},"end":{"line":259,"column":5}},"type":"if","locations":[{"start":{"line":252,"column":4},"end":{"line":259,"column":5}},{"start":{},"end":{}}],"line":252},"34":{"loc":{"start":{"line":253,"column":8},"end":{"line":255,"column":9}},"type":"if","locations":[{"start":{"line":253,"column":8},"end":{"line":255,"column":9}},{"start":{},"end":{}}],"line":253},"35":{"loc":{"start":{"line":256,"column":8},"end":{"line":258,"column":9}},"type":"if","locations":[{"start":{"line":256,"column":8},"end":{"line":258,"column":9}},{"start":{},"end":{}}],"line":256},"36":{"loc":{"start":{"line":274,"column":8},"end":{"line":279,"column":9}},"type":"if","locations":[{"start":{"line":274,"column":8},"end":{"line":279,"column":9}},{"start":{},"end":{}}],"line":274},"37":{"loc":{"start":{"line":275,"column":12},"end":{"line":277,"column":13}},"type":"if","locations":[{"start":{"line":275,"column":12},"end":{"line":277,"column":13}},{"start":{},"end":{}}],"line":275},"38":{"loc":{"start":{"line":293,"column":4},"end":{"line":295,"column":5}},"type":"if","locations":[{"start":{"line":293,"column":4},"end":{"line":295,"column":5}},{"start":{},"end":{}}],"line":293},"39":{"loc":{"start":{"line":293,"column":8},"end":{"line":293,"column":42}},"type":"binary-expr","locations":[{"start":{"line":293,"column":8},"end":{"line":293,"column":15}},{"start":{"line":293,"column":19},"end":{"line":293,"column":26}},{"start":{"line":293,"column":30},"end":{"line":293,"column":42}}],"line":293},"40":{"loc":{"start":{"line":302,"column":27},"end":{"line":302,"column":64}},"type":"binary-expr","locations":[{"start":{"line":302,"column":27},"end":{"line":302,"column":36}},{"start":{"line":302,"column":40},"end":{"line":302,"column":64}}],"line":302},"41":{"loc":{"start":{"line":303,"column":31},"end":{"line":303,"column":59}},"type":"binary-expr","locations":[{"start":{"line":303,"column":31},"end":{"line":303,"column":54}},{"start":{"line":303,"column":58},"end":{"line":303,"column":59}}],"line":303},"42":{"loc":{"start":{"line":304,"column":35},"end":{"line":304,"column":67}},"type":"binary-expr","locations":[{"start":{"line":304,"column":35},"end":{"line":304,"column":62}},{"start":{"line":304,"column":66},"end":{"line":304,"column":67}}],"line":304},"43":{"loc":{"start":{"line":309,"column":23},"end":{"line":309,"column":34}},"type":"binary-expr","locations":[{"start":{"line":309,"column":23},"end":{"line":309,"column":28}},{"start":{"line":309,"column":32},"end":{"line":309,"column":34}}],"line":309},"44":{"loc":{"start":{"line":310,"column":34},"end":{"line":310,"column":63}},"type":"binary-expr","locations":[{"start":{"line":310,"column":34},"end":{"line":310,"column":50}},{"start":{"line":310,"column":54},"end":{"line":310,"column":63}}],"line":310},"45":{"loc":{"start":{"line":311,"column":31},"end":{"line":311,"column":55}},"type":"binary-expr","locations":[{"start":{"line":311,"column":31},"end":{"line":311,"column":44}},{"start":{"line":311,"column":48},"end":{"line":311,"column":55}}],"line":311},"46":{"loc":{"start":{"line":316,"column":8},"end":{"line":316,"column":73}},"type":"if","locations":[{"start":{"line":316,"column":8},"end":{"line":316,"column":73}},{"start":{},"end":{}}],"line":316},"47":{"loc":{"start":{"line":331,"column":8},"end":{"line":333,"column":9}},"type":"if","locations":[{"start":{"line":331,"column":8},"end":{"line":333,"column":9}},{"start":{},"end":{}}],"line":331},"48":{"loc":{"start":{"line":331,"column":12},"end":{"line":331,"column":24}},"type":"binary-expr","locations":[{"start":{"line":331,"column":12},"end":{"line":331,"column":18}},{"start":{"line":331,"column":22},"end":{"line":331,"column":24}}],"line":331},"49":{"loc":{"start":{"line":335,"column":8},"end":{"line":341,"column":9}},"type":"if","locations":[{"start":{"line":335,"column":8},"end":{"line":341,"column":9}},{"start":{},"end":{}}],"line":335},"50":{"loc":{"start":{"line":335,"column":12},"end":{"line":335,"column":58}},"type":"binary-expr","locations":[{"start":{"line":335,"column":12},"end":{"line":335,"column":27}},{"start":{"line":335,"column":31},"end":{"line":335,"column":58}}],"line":335},"51":{"loc":{"start":{"line":336,"column":12},"end":{"line":340,"column":13}},"type":"if","locations":[{"start":{"line":336,"column":12},"end":{"line":340,"column":13}},{"start":{},"end":{}}],"line":336},"52":{"loc":{"start":{"line":343,"column":8},"end":{"line":345,"column":9}},"type":"if","locations":[{"start":{"line":343,"column":8},"end":{"line":345,"column":9}},{"start":{},"end":{}}],"line":343},"53":{"loc":{"start":{"line":347,"column":54},"end":{"line":347,"column":81}},"type":"cond-expr","locations":[{"start":{"line":347,"column":72},"end":{"line":347,"column":75}},{"start":{"line":347,"column":78},"end":{"line":347,"column":81}}],"line":347},"54":{"loc":{"start":{"line":351,"column":27},"end":{"line":351,"column":95}},"type":"cond-expr","locations":[{"start":{"line":351,"column":43},"end":{"line":351,"column":77}},{"start":{"line":351,"column":80},"end":{"line":351,"column":95}}],"line":351},"55":{"loc":{"start":{"line":352,"column":28},"end":{"line":352,"column":67}},"type":"binary-expr","locations":[{"start":{"line":352,"column":28},"end":{"line":352,"column":42}},{"start":{"line":352,"column":46},"end":{"line":352,"column":67}}],"line":352},"56":{"loc":{"start":{"line":361,"column":8},"end":{"line":361,"column":79}},"type":"if","locations":[{"start":{"line":361,"column":8},"end":{"line":361,"column":79}},{"start":{},"end":{}}],"line":361},"57":{"loc":{"start":{"line":369,"column":12},"end":{"line":376,"column":13}},"type":"if","locations":[{"start":{"line":369,"column":12},"end":{"line":376,"column":13}},{"start":{},"end":{}}],"line":369},"58":{"loc":{"start":{"line":369,"column":16},"end":{"line":369,"column":66}},"type":"binary-expr","locations":[{"start":{"line":369,"column":16},"end":{"line":369,"column":29}},{"start":{"line":369,"column":33},"end":{"line":369,"column":66}}],"line":369},"59":{"loc":{"start":{"line":371,"column":16},"end":{"line":375,"column":17}},"type":"if","locations":[{"start":{"line":371,"column":16},"end":{"line":375,"column":17}},{"start":{},"end":{}}],"line":371},"60":{"loc":{"start":{"line":397,"column":8},"end":{"line":397,"column":96}},"type":"if","locations":[{"start":{"line":397,"column":8},"end":{"line":397,"column":96}},{"start":{},"end":{}}],"line":397},"61":{"loc":{"start":{"line":397,"column":12},"end":{"line":397,"column":30}},"type":"binary-expr","locations":[{"start":{"line":397,"column":12},"end":{"line":397,"column":18}},{"start":{"line":397,"column":22},"end":{"line":397,"column":30}}],"line":397},"62":{"loc":{"start":{"line":399,"column":8},"end":{"line":402,"column":9}},"type":"if","locations":[{"start":{"line":399,"column":8},"end":{"line":402,"column":9}},{"start":{},"end":{}}],"line":399},"63":{"loc":{"start":{"line":412,"column":8},"end":{"line":416,"column":9}},"type":"if","locations":[{"start":{"line":412,"column":8},"end":{"line":416,"column":9}},{"start":{},"end":{}}],"line":412},"64":{"loc":{"start":{"line":435,"column":8},"end":{"line":435,"column":97}},"type":"if","locations":[{"start":{"line":435,"column":8},"end":{"line":435,"column":97}},{"start":{},"end":{}}],"line":435},"65":{"loc":{"start":{"line":435,"column":12},"end":{"line":435,"column":30}},"type":"binary-expr","locations":[{"start":{"line":435,"column":12},"end":{"line":435,"column":18}},{"start":{"line":435,"column":22},"end":{"line":435,"column":30}}],"line":435},"66":{"loc":{"start":{"line":436,"column":8},"end":{"line":436,"column":125}},"type":"if","locations":[{"start":{"line":436,"column":8},"end":{"line":436,"column":125}},{"start":{},"end":{}}],"line":436},"67":{"loc":{"start":{"line":438,"column":31},"end":{"line":438,"column":64}},"type":"binary-expr","locations":[{"start":{"line":438,"column":31},"end":{"line":438,"column":59}},{"start":{"line":438,"column":63},"end":{"line":438,"column":64}}],"line":438},"68":{"loc":{"start":{"line":442,"column":27},"end":{"line":442,"column":62}},"type":"cond-expr","locations":[{"start":{"line":442,"column":53},"end":{"line":442,"column":56}},{"start":{"line":442,"column":59},"end":{"line":442,"column":62}}],"line":442},"69":{"loc":{"start":{"line":457,"column":8},"end":{"line":457,"column":33}},"type":"if","locations":[{"start":{"line":457,"column":8},"end":{"line":457,"column":33}},{"start":{},"end":{}}],"line":457},"70":{"loc":{"start":{"line":468,"column":4},"end":{"line":473,"column":5}},"type":"if","locations":[{"start":{"line":468,"column":4},"end":{"line":473,"column":5}},{"start":{"line":471,"column":11},"end":{"line":473,"column":5}}],"line":468},"71":{"loc":{"start":{"line":489,"column":8},"end":{"line":491,"column":9}},"type":"if","locations":[{"start":{"line":489,"column":8},"end":{"line":491,"column":9}},{"start":{},"end":{}}],"line":489},"72":{"loc":{"start":{"line":489,"column":12},"end":{"line":489,"column":42}},"type":"binary-expr","locations":[{"start":{"line":489,"column":12},"end":{"line":489,"column":18}},{"start":{"line":489,"column":22},"end":{"line":489,"column":42}}],"line":489},"73":{"loc":{"start":{"line":493,"column":8},"end":{"line":495,"column":9}},"type":"if","locations":[{"start":{"line":493,"column":8},"end":{"line":495,"column":9}},{"start":{},"end":{}}],"line":493},"74":{"loc":{"start":{"line":497,"column":8},"end":{"line":502,"column":9}},"type":"if","locations":[{"start":{"line":497,"column":8},"end":{"line":502,"column":9}},{"start":{},"end":{}}],"line":497},"75":{"loc":{"start":{"line":510,"column":8},"end":{"line":512,"column":9}},"type":"if","locations":[{"start":{"line":510,"column":8},"end":{"line":512,"column":9}},{"start":{},"end":{}}],"line":510},"76":{"loc":{"start":{"line":514,"column":8},"end":{"line":521,"column":9}},"type":"if","locations":[{"start":{"line":514,"column":8},"end":{"line":521,"column":9}},{"start":{},"end":{}}],"line":514},"77":{"loc":{"start":{"line":514,"column":12},"end":{"line":514,"column":35}},"type":"binary-expr","locations":[{"start":{"line":514,"column":12},"end":{"line":514,"column":16}},{"start":{"line":514,"column":20},"end":{"line":514,"column":35}}],"line":514},"78":{"loc":{"start":{"line":539,"column":22},"end":{"line":539,"column":34}},"type":"default-arg","locations":[{"start":{"line":539,"column":30},"end":{"line":539,"column":34}}],"line":539},"79":{"loc":{"start":{"line":548,"column":8},"end":{"line":548,"column":31}},"type":"if","locations":[{"start":{"line":548,"column":8},"end":{"line":548,"column":31}},{"start":{},"end":{}}],"line":548},"80":{"loc":{"start":{"line":565,"column":4},"end":{"line":567,"column":5}},"type":"if","locations":[{"start":{"line":565,"column":4},"end":{"line":567,"column":5}},{"start":{},"end":{}}],"line":565},"81":{"loc":{"start":{"line":580,"column":4},"end":{"line":580,"column":85}},"type":"if","locations":[{"start":{"line":580,"column":4},"end":{"line":580,"column":85}},{"start":{},"end":{}}],"line":580},"82":{"loc":{"start":{"line":588,"column":4},"end":{"line":588,"column":50}},"type":"if","locations":[{"start":{"line":588,"column":4},"end":{"line":588,"column":50}},{"start":{},"end":{}}],"line":588},"83":{"loc":{"start":{"line":598,"column":8},"end":{"line":603,"column":9}},"type":"if","locations":[{"start":{"line":598,"column":8},"end":{"line":603,"column":9}},{"start":{},"end":{}}],"line":598},"84":{"loc":{"start":{"line":598,"column":12},"end":{"line":598,"column":50}},"type":"binary-expr","locations":[{"start":{"line":598,"column":12},"end":{"line":598,"column":19}},{"start":{"line":598,"column":23},"end":{"line":598,"column":50}}],"line":598},"85":{"loc":{"start":{"line":600,"column":12},"end":{"line":602,"column":13}},"type":"if","locations":[{"start":{"line":600,"column":12},"end":{"line":602,"column":13}},{"start":{},"end":{}}],"line":600},"86":{"loc":{"start":{"line":606,"column":8},"end":{"line":606,"column":73}},"type":"if","locations":[{"start":{"line":606,"column":8},"end":{"line":606,"column":73}},{"start":{},"end":{}}],"line":606},"87":{"loc":{"start":{"line":615,"column":13},"end":{"line":615,"column":37}},"type":"binary-expr","locations":[{"start":{"line":615,"column":13},"end":{"line":615,"column":29}},{"start":{"line":615,"column":33},"end":{"line":615,"column":37}}],"line":615}},"s":{"0":1,"1":1,"2":1,"3":1,"4":1,"5":1,"6":1,"7":1,"8":1,"9":1,"10":1,"11":1,"12":1,"13":1,"14":0,"15":1,"16":1,"17":1,"18":0,"19":1,"20":1,"21":1,"22":1,"23":0,"24":1,"25":1,"26":1,"27":0,"28":1,"29":0,"30":1,"31":1,"32":1,"33":0,"34":1,"35":1,"36":1,"37":0,"38":1,"39":0,"40":1,"41":1,"42":1,"43":1,"44":0,"45":1,"46":1,"47":1,"48":1,"49":1,"50":0,"51":1,"52":1,"53":1,"54":1,"55":0,"56":1,"57":1,"58":1,"59":1,"60":1,"61":0,"62":1,"63":1,"64":0,"65":1,"66":1,"67":1,"68":1,"69":1,"70":0,"71":0,"72":1,"73":1,"74":1,"75":1,"76":1,"77":0,"78":1,"79":1,"80":0,"81":1,"82":1,"83":1,"84":1,"85":1,"86":0,"87":0,"88":1,"89":1,"90":1,"91":1,"92":1,"93":0,"94":1,"95":1,"96":0,"97":1,"98":1,"99":1,"100":1,"101":1,"102":0,"103":1,"104":0,"105":0,"106":0,"107":0,"108":0,"109":0,"110":0,"111":0,"112":0,"113":0,"114":0,"115":0,"116":0,"117":0,"118":1,"119":3,"120":3,"121":0,"122":3,"123":2,"124":0,"125":2,"126":1,"127":2,"128":2,"129":2,"130":2,"131":0,"132":0,"133":0,"134":2,"135":0,"136":1,"137":1,"138":1,"139":0,"140":1,"141":1,"142":1,"143":0,"144":1,"145":0,"146":1,"147":1,"148":1,"149":1,"150":1,"151":1,"152":0,"153":1,"154":0,"155":0,"156":1,"157":0,"158":1,"159":1,"160":1,"161":0,"162":1,"163":1,"164":0,"165":0,"166":0,"167":0,"168":0,"169":0,"170":0,"171":1,"172":0,"173":1,"174":1,"175":1,"176":1,"177":1,"178":0,"179":1,"180":1,"181":1,"182":0,"183":0,"184":0,"185":0,"186":0,"187":0,"188":1,"189":1,"190":1,"191":1,"192":1,"193":0,"194":1,"195":1,"196":0,"197":0,"198":0,"199":0,"200":0,"201":0,"202":0,"203":0,"204":0,"205":0,"206":0,"207":0,"208":1,"209":1,"210":1,"211":1,"212":1,"213":1,"214":0,"215":1,"216":0,"217":0,"218":0,"219":0,"220":0,"221":0,"222":0,"223":0,"224":0,"225":0,"226":0,"227":0,"228":0,"229":0,"230":0,"231":0,"232":0,"233":0,"234":1,"235":1,"236":1,"237":1,"238":1,"239":1,"240":0,"241":1,"242":0,"243":1,"244":1,"245":1,"246":1,"247":1,"248":0,"249":1,"250":1,"251":1,"252":1,"253":1,"254":0,"255":1,"256":1,"257":1,"258":1,"259":1,"260":0,"261":1,"262":1,"263":1,"264":1,"265":1,"266":1,"267":0,"268":0,"269":0,"270":1,"271":1,"272":0,"273":1,"274":0,"275":1,"276":1,"277":1,"278":1,"279":1},"f":{"0":0,"1":1,"2":1,"3":1,"4":1,"5":1,"6":1,"7":1,"8":1,"9":1,"10":1,"11":1,"12":1,"13":1,"14":1,"15":1,"16":0,"17":3,"18":1,"19":1,"20":0,"21":1,"22":1,"23":1,"24":0,"25":1,"26":1,"27":1,"28":1,"29":1,"30":1},"b":{"0":[1,0],"1":[1,0],"2":[0,1],"3":[0,1],"4":[1,1],"5":[0,1],"6":[1,0],"7":[0,1],"8":[1,1],"9":[0,1],"10":[0,1],"11":[1,1],"12":[0,1],"13":[1,0],"14":[0,1],"15":[0,1],"16":[0,1],"17":[1,0],"18":[0,1],"19":[0,1],"20":[1,0],"21":[0,1],"22":[1,1],"23":[0,1],"24":[1,0],"25":[1,0],"26":[0,0],"27":[0,0],"28":[0,0],"29":[0,0],"30":[0,0],"31":[0,3],"32":[3,3,3,3],"33":[2,1],"34":[0,2],"35":[1,1],"36":[0,2],"37":[0,0],"38":[0,1],"39":[1,1,1],"40":[1,0],"41":[1,0],"42":[1,0],"43":[1,1],"44":[1,1],"45":[1,1],"46":[0,1],"47":[0,1],"48":[1,1],"49":[0,1],"50":[1,1],"51":[0,0],"52":[0,1],"53":[0,1],"54":[1,0],"55":[1,0],"56":[0,1],"57":[0,0],"58":[0,0],"59":[0,0],"60":[0,1],"61":[1,1],"62":[1,0],"63":[0,0],"64":[0,1],"65":[1,1],"66":[1,0],"67":[0,0],"68":[0,0],"69":[0,0],"70":[1,0],"71":[0,0],"72":[0,0],"73":[0,0],"74":[0,0],"75":[0,0],"76":[0,0],"77":[0,0],"78":[0],"79":[0,1],"80":[0,1],"81":[0,1],"82":[0,1],"83":[0,1],"84":[1,1],"85":[0,0],"86":[0,1],"87":[1,0]},"_coverageSchema":"1a1c01bbd47fc00a2c39e90264f33305004495a9","hash":"254a537b6537a0b454c26fc4d3014009e5f15c5c"}
}
