TN:
SF:index.js
FN:26,(anonymous_0)
FN:31,(anonymous_1)
FN:38,(anonymous_2)
FN:59,(anonymous_3)
FN:77,(anonymous_4)
FN:87,(anonymous_5)
FN:88,(anonymous_6)
FN:104,(anonymous_7)
FN:120,(anonymous_8)
FN:135,(anonymous_9)
FN:136,(anonymous_10)
FN:153,(anonymous_11)
FN:170,(anonymous_12)
FN:171,(anonymous_13)
FN:188,(anonymous_14)
FN:197,(anonymous_15)
FN:218,(anonymous_16)
FN:244,(anonymous_17)
FN:287,(anonymous_18)
FN:324,(anonymous_19)
FN:367,(anonymous_20)
FN:387,(anonymous_21)
FN:426,(anonymous_22)
FN:465,(anonymous_23)
FN:482,(anonymous_24)
FN:534,(anonymous_25)
FN:556,(anonymous_26)
FN:577,(anonymous_27)
FN:585,(anonymous_28)
FN:593,(anonymous_29)
FN:617,(anonymous_30)
FNF:31
FNH:27
FNDA:0,(anonymous_0)
FNDA:1,(anonymous_1)
FNDA:1,(anonymous_2)
FNDA:1,(anonymous_3)
FNDA:1,(anonymous_4)
FNDA:1,(anonymous_5)
FNDA:1,(anonymous_6)
FNDA:1,(anonymous_7)
FNDA:1,(anonymous_8)
FNDA:1,(anonymous_9)
FNDA:1,(anonymous_10)
FNDA:1,(anonymous_11)
FNDA:1,(anonymous_12)
FNDA:1,(anonymous_13)
FNDA:1,(anonymous_14)
FNDA:1,(anonymous_15)
FNDA:0,(anonymous_16)
FNDA:3,(anonymous_17)
FNDA:1,(anonymous_18)
FNDA:1,(anonymous_19)
FNDA:0,(anonymous_20)
FNDA:1,(anonymous_21)
FNDA:1,(anonymous_22)
FNDA:1,(anonymous_23)
FNDA:0,(anonymous_24)
FNDA:1,(anonymous_25)
FNDA:1,(anonymous_26)
FNDA:1,(anonymous_27)
FNDA:1,(anonymous_28)
FNDA:1,(anonymous_29)
FNDA:1,(anonymous_30)
DA:1,1
DA:2,1
DA:3,1
DA:4,1
DA:5,1
DA:7,1
DA:8,1
DA:9,1
DA:12,1
DA:13,1
DA:14,1
DA:16,1
DA:19,1
DA:26,1
DA:27,0
DA:31,1
DA:32,1
DA:33,1
DA:34,1
DA:38,1
DA:39,1
DA:41,1
DA:42,0
DA:45,1
DA:46,1
DA:51,1
DA:52,1
DA:54,0
DA:59,1
DA:60,1
DA:62,1
DA:63,0
DA:66,1
DA:67,1
DA:72,1
DA:73,1
DA:74,0
DA:77,1
DA:79,1
DA:85,1
DA:87,1
DA:88,1
DA:89,1
DA:97,1
DA:99,0
DA:104,1
DA:105,1
DA:106,1
DA:115,1
DA:116,1
DA:120,1
DA:121,1
DA:122,1
DA:127,1
DA:129,1
DA:133,1
DA:135,1
DA:136,1
DA:137,1
DA:145,1
DA:147,0
DA:148,0
DA:153,1
DA:154,1
DA:155,1
DA:156,1
DA:162,1
DA:164,1
DA:168,1
DA:170,1
DA:171,1
DA:172,1
DA:180,1
DA:182,0
DA:183,0
DA:188,1
DA:189,1
DA:190,1
DA:191,1
DA:192,1
DA:194,1
DA:195,1
DA:197,1
DA:198,1
DA:199,1
DA:201,1
DA:208,0
DA:218,1
DA:219,0
DA:221,0
DA:222,0
DA:225,0
DA:227,0
DA:233,0
DA:234,0
DA:236,0
DA:237,0
DA:239,0
DA:240,0
DA:244,1
DA:245,3
DA:247,3
DA:248,0
DA:252,3
DA:253,2
DA:254,0
DA:256,2
DA:257,1
DA:261,2
DA:262,2
DA:264,2
DA:274,2
DA:275,0
DA:276,0
DA:278,0
DA:280,2
DA:282,0
DA:287,1
DA:291,1
DA:293,1
DA:294,0
DA:297,1
DA:298,1
DA:316,1
DA:317,1
DA:319,0
DA:324,1
DA:325,1
DA:326,1
DA:328,1
DA:329,1
DA:331,1
DA:332,0
DA:335,1
DA:336,0
DA:337,0
DA:343,1
DA:344,0
DA:347,1
DA:349,1
DA:361,1
DA:363,1
DA:367,1
DA:368,0
DA:369,0
DA:370,0
DA:371,0
DA:372,0
DA:373,0
DA:374,0
DA:379,1
DA:382,0
DA:387,1
DA:388,1
DA:390,1
DA:391,1
DA:397,1
DA:399,1
DA:400,1
DA:401,1
DA:404,0
DA:406,0
DA:412,0
DA:413,0
DA:418,0
DA:421,0
DA:426,1
DA:427,1
DA:428,1
DA:429,1
DA:435,1
DA:436,1
DA:438,0
DA:439,0
DA:440,0
DA:442,0
DA:443,0
DA:445,0
DA:446,0
DA:448,0
DA:457,0
DA:458,0
DA:460,0
DA:465,1
DA:466,1
DA:467,1
DA:468,1
DA:469,1
DA:470,1
DA:472,0
DA:482,1
DA:483,0
DA:484,0
DA:486,0
DA:487,0
DA:489,0
DA:490,0
DA:493,0
DA:494,0
DA:497,0
DA:498,0
DA:504,0
DA:510,0
DA:511,0
DA:514,0
DA:515,0
DA:516,0
DA:523,0
DA:529,0
DA:534,1
DA:535,1
DA:536,1
DA:538,1
DA:539,1
DA:548,1
DA:549,1
DA:551,0
DA:556,1
DA:557,1
DA:558,1
DA:560,1
DA:565,1
DA:566,0
DA:568,1
DA:577,1
DA:578,1
DA:579,1
DA:580,1
DA:581,1
DA:585,1
DA:586,1
DA:587,1
DA:588,1
DA:589,1
DA:593,1
DA:594,1
DA:595,1
DA:596,1
DA:598,1
DA:599,0
DA:600,0
DA:601,0
DA:605,1
DA:606,1
DA:608,1
DA:610,0
DA:615,1
DA:617,1
DA:618,1
DA:619,1
DA:622,1
LF:251
LH:167
BRDA:12,0,0,1
BRDA:12,0,1,0
BRDA:19,1,0,1
BRDA:19,1,1,0
BRDA:33,2,0,0
BRDA:33,2,1,1
BRDA:41,3,0,0
BRDA:41,3,1,1
BRDA:41,4,0,1
BRDA:41,4,1,1
BRDA:51,5,0,0
BRDA:51,5,1,1
BRDA:52,6,0,1
BRDA:52,6,1,0
BRDA:62,7,0,0
BRDA:62,7,1,1
BRDA:62,8,0,1
BRDA:62,8,1,1
BRDA:72,9,0,0
BRDA:72,9,1,1
BRDA:73,10,0,0
BRDA:73,10,1,1
BRDA:73,11,0,1
BRDA:73,11,1,1
BRDA:85,12,0,0
BRDA:85,12,1,1
BRDA:92,13,0,1
BRDA:92,13,1,0
BRDA:115,14,0,0
BRDA:115,14,1,1
BRDA:127,15,0,0
BRDA:127,15,1,1
BRDA:133,16,0,0
BRDA:133,16,1,1
BRDA:140,17,0,1
BRDA:140,17,1,0
BRDA:162,18,0,0
BRDA:162,18,1,1
BRDA:168,19,0,0
BRDA:168,19,1,1
BRDA:175,20,0,1
BRDA:175,20,1,0
BRDA:192,21,0,0
BRDA:192,21,1,1
BRDA:192,22,0,1
BRDA:192,22,1,1
BRDA:195,23,0,0
BRDA:195,23,1,1
BRDA:197,24,0,1
BRDA:197,24,1,0
BRDA:199,25,0,1
BRDA:199,25,1,0
BRDA:221,26,0,0
BRDA:221,26,1,0
BRDA:221,27,0,0
BRDA:221,27,1,0
BRDA:233,28,0,0
BRDA:233,28,1,0
BRDA:234,29,0,0
BRDA:234,29,1,0
BRDA:237,30,0,0
BRDA:237,30,1,0
BRDA:247,31,0,0
BRDA:247,31,1,3
BRDA:247,32,0,3
BRDA:247,32,1,3
BRDA:247,32,2,3
BRDA:247,32,3,3
BRDA:252,33,0,2
BRDA:252,33,1,1
BRDA:253,34,0,0
BRDA:253,34,1,2
BRDA:256,35,0,1
BRDA:256,35,1,1
BRDA:274,36,0,0
BRDA:274,36,1,2
BRDA:275,37,0,0
BRDA:275,37,1,0
BRDA:293,38,0,0
BRDA:293,38,1,1
BRDA:293,39,0,1
BRDA:293,39,1,1
BRDA:293,39,2,1
BRDA:302,40,0,1
BRDA:302,40,1,0
BRDA:303,41,0,1
BRDA:303,41,1,0
BRDA:304,42,0,1
BRDA:304,42,1,0
BRDA:309,43,0,1
BRDA:309,43,1,1
BRDA:310,44,0,1
BRDA:310,44,1,1
BRDA:311,45,0,1
BRDA:311,45,1,1
BRDA:316,46,0,0
BRDA:316,46,1,1
BRDA:331,47,0,0
BRDA:331,47,1,1
BRDA:331,48,0,1
BRDA:331,48,1,1
BRDA:335,49,0,0
BRDA:335,49,1,1
BRDA:335,50,0,1
BRDA:335,50,1,1
BRDA:336,51,0,0
BRDA:336,51,1,0
BRDA:343,52,0,0
BRDA:343,52,1,1
BRDA:347,53,0,0
BRDA:347,53,1,1
BRDA:351,54,0,1
BRDA:351,54,1,0
BRDA:352,55,0,1
BRDA:352,55,1,0
BRDA:361,56,0,0
BRDA:361,56,1,1
BRDA:369,57,0,0
BRDA:369,57,1,0
BRDA:369,58,0,0
BRDA:369,58,1,0
BRDA:371,59,0,0
BRDA:371,59,1,0
BRDA:397,60,0,0
BRDA:397,60,1,1
BRDA:397,61,0,1
BRDA:397,61,1,1
BRDA:399,62,0,1
BRDA:399,62,1,0
BRDA:412,63,0,0
BRDA:412,63,1,0
BRDA:435,64,0,0
BRDA:435,64,1,1
BRDA:435,65,0,1
BRDA:435,65,1,1
BRDA:436,66,0,1
BRDA:436,66,1,0
BRDA:438,67,0,0
BRDA:438,67,1,0
BRDA:442,68,0,0
BRDA:442,68,1,0
BRDA:457,69,0,0
BRDA:457,69,1,0
BRDA:468,70,0,1
BRDA:468,70,1,0
BRDA:489,71,0,0
BRDA:489,71,1,0
BRDA:489,72,0,0
BRDA:489,72,1,0
BRDA:493,73,0,0
BRDA:493,73,1,0
BRDA:497,74,0,0
BRDA:497,74,1,0
BRDA:510,75,0,0
BRDA:510,75,1,0
BRDA:514,76,0,0
BRDA:514,76,1,0
BRDA:514,77,0,0
BRDA:514,77,1,0
BRDA:539,78,0,0
BRDA:548,79,0,0
BRDA:548,79,1,1
BRDA:565,80,0,0
BRDA:565,80,1,1
BRDA:580,81,0,0
BRDA:580,81,1,1
BRDA:588,82,0,0
BRDA:588,82,1,1
BRDA:598,83,0,0
BRDA:598,83,1,1
BRDA:598,84,0,1
BRDA:598,84,1,1
BRDA:600,85,0,0
BRDA:600,85,1,0
BRDA:606,86,0,0
BRDA:606,86,1,1
BRDA:615,87,0,1
BRDA:615,87,1,0
BRF:178
BRH:84
end_of_record
